<?xml version="1.0" encoding="utf-8"?><testsuites name="pytest tests"><testsuite name="pytest" errors="0" failures="0" skipped="0" tests="17" time="5.230" timestamp="2026-01-26T12:41:14.270794+00:00" hostname="agent-env-7a6746b2-5497-41c8-b068-b6528539f4e3"><testcase classname="tests.test_settings.TestSettingsEndpoints" name="test_get_logo_no_logo" time="0.389" /><testcase classname="tests.test_settings.TestSettingsEndpoints" name="test_upload_logo_png" time="0.299" /><testcase classname="tests.test_settings.TestSettingsEndpoints" name="test_get_logo_after_upload" time="0.303" /><testcase classname="tests.test_settings.TestSettingsEndpoints" name="test_upload_logo_jpeg" time="0.296" /><testcase classname="tests.test_settings.TestSettingsEndpoints" name="test_upload_logo_invalid_type" time="0.300" /><testcase classname="tests.test_settings.TestSettingsEndpoints" name="test_delete_logo" time="0.306" /><testcase classname="tests.test_settings.TestSettingsEndpoints" name="test_upload_logo_requires_auth" time="0.340" /><testcase classname="tests.test_settings.TestSettingsEndpoints" name="test_delete_logo_requires_auth" time="0.301" /><testcase classname="tests.test_settings.TestSettingsEndpoints" name="test_get_website_settings_empty" time="0.270" /><testcase classname="tests.test_settings.TestSettingsEndpoints" name="test_update_website_settings" time="0.322" /><testcase classname="tests.test_settings.TestSettingsEndpoints" name="test_update_website_settings_partial" time="0.320" /><testcase classname="tests.test_settings.TestSettingsEndpoints" name="test_update_website_settings_requires_admin" time="0.297" /><testcase classname="tests.test_settings.TestSettingsEndpoints" name="test_website_settings_persistence" time="0.306" /><testcase classname="tests.test_settings.TestLeaderboardEndpoints" name="test_get_rounds" time="0.272" /><testcase classname="tests.test_settings.TestLeaderboardEndpoints" name="test_get_classes" time="0.310" /><testcase classname="tests.test_settings.TestLeaderboardEndpoints" name="test_get_events" time="0.268" /><testcase classname="tests.test_settings.TestLeaderboardEndpoints" name="test_get_minor_rounds_leaderboard" time="0.266" /></testsuite></testsuites>