<?xml version="1.0" encoding="utf-8"?><testsuites name="pytest tests"><testsuite name="pytest" errors="0" failures="4" skipped="0" tests="17" time="5.296" timestamp="2026-01-26T12:40:32.445545+00:00" hostname="agent-env-7a6746b2-5497-41c8-b068-b6528539f4e3"><testcase classname="tests.test_settings.TestSettingsEndpoints" name="test_get_logo_no_logo" time="0.348" /><testcase classname="tests.test_settings.TestSettingsEndpoints" name="test_upload_logo_png" time="0.288"><failure message="AssertionError: Logo upload failed: {&quot;detail&quot;:[{&quot;type&quot;:&quot;missing&quot;,&quot;loc&quot;:[&quot;body&quot;,&quot;file&quot;],&quot;msg&quot;:&quot;Field required&quot;,&quot;input&quot;:null,&quot;url&quot;:&quot;https://errors.pydantic.dev/2.12/v/missing&quot;}]}&#10;assert 422 == 200&#10; +  where 422 = &lt;Response [422]&gt;.status_code">tests/test_settings.py:58: in test_upload_logo_png
    assert response.status_code == 200, f"Logo upload failed: {response.text}"
E   AssertionError: Logo upload failed: {"detail":[{"type":"missing","loc":["body","file"],"msg":"Field required","input":null,"url":"https://errors.pydantic.dev/2.12/v/missing"}]}
E   assert 422 == 200
E    +  where 422 = &lt;Response [422]&gt;.status_code</failure></testcase><testcase classname="tests.test_settings.TestSettingsEndpoints" name="test_get_logo_after_upload" time="0.320"><failure message="assert None is not None">tests/test_settings.py:80: in test_get_logo_after_upload
    assert data["logo"] is not None
E   assert None is not None</failure></testcase><testcase classname="tests.test_settings.TestSettingsEndpoints" name="test_upload_logo_jpeg" time="0.273"><failure message="assert 422 == 200&#10; +  where 422 = &lt;Response [422]&gt;.status_code">tests/test_settings.py:98: in test_upload_logo_jpeg
    assert response.status_code == 200
E   assert 422 == 200
E    +  where 422 = &lt;Response [422]&gt;.status_code</failure></testcase><testcase classname="tests.test_settings.TestSettingsEndpoints" name="test_upload_logo_invalid_type" time="0.281"><failure message="assert 422 == 400&#10; +  where 422 = &lt;Response [422]&gt;.status_code">tests/test_settings.py:112: in test_upload_logo_invalid_type
    assert response.status_code == 400
E   assert 422 == 400
E    +  where 422 = &lt;Response [422]&gt;.status_code</failure></testcase><testcase classname="tests.test_settings.TestSettingsEndpoints" name="test_delete_logo" time="0.337" /><testcase classname="tests.test_settings.TestSettingsEndpoints" name="test_upload_logo_requires_auth" time="0.299" /><testcase classname="tests.test_settings.TestSettingsEndpoints" name="test_delete_logo_requires_auth" time="0.320" /><testcase classname="tests.test_settings.TestSettingsEndpoints" name="test_get_website_settings_empty" time="0.275" /><testcase classname="tests.test_settings.TestSettingsEndpoints" name="test_update_website_settings" time="0.323" /><testcase classname="tests.test_settings.TestSettingsEndpoints" name="test_update_website_settings_partial" time="0.319" /><testcase classname="tests.test_settings.TestSettingsEndpoints" name="test_update_website_settings_requires_admin" time="0.295" /><testcase classname="tests.test_settings.TestSettingsEndpoints" name="test_website_settings_persistence" time="0.359" /><testcase classname="tests.test_settings.TestLeaderboardEndpoints" name="test_get_rounds" time="0.266" /><testcase classname="tests.test_settings.TestLeaderboardEndpoints" name="test_get_classes" time="0.266" /><testcase classname="tests.test_settings.TestLeaderboardEndpoints" name="test_get_events" time="0.270" /><testcase classname="tests.test_settings.TestLeaderboardEndpoints" name="test_get_minor_rounds_leaderboard" time="0.313" /></testsuite></testsuites>