<?xml version="1.0" encoding="utf-8"?><testsuites name="pytest tests"><testsuite name="pytest" errors="0" failures="1" skipped="0" tests="18" time="273.552" timestamp="2026-01-26T15:05:52.959598+00:00" hostname="agent-env-7a6746b2-5497-41c8-b068-b6528539f4e3"><testcase classname="backend.tests.test_smtp_email_features.TestSMTPSettings" name="test_get_smtp_settings_requires_auth" time="0.080" /><testcase classname="backend.tests.test_smtp_email_features.TestSMTPSettings" name="test_get_smtp_settings_returns_structure" time="0.328" /><testcase classname="backend.tests.test_smtp_email_features.TestSMTPSettings" name="test_put_smtp_settings_requires_auth" time="0.041" /><testcase classname="backend.tests.test_smtp_email_features.TestSMTPSettings" name="test_put_smtp_settings_saves_correctly" time="0.040" /><testcase classname="backend.tests.test_smtp_email_features.TestSMTPSettings" name="test_get_smtp_settings_password_masked" time="0.077" /><testcase classname="backend.tests.test_smtp_email_features.TestSMTPSettings" name="test_put_smtp_settings_preserves_password_when_masked" time="0.132" /><testcase classname="backend.tests.test_smtp_email_features.TestSMTPTestConnection" name="test_smtp_test_requires_auth" time="0.043" /><testcase classname="backend.tests.test_smtp_email_features.TestSMTPTestConnection" name="test_smtp_test_fails_without_config" time="0.393" /><testcase classname="backend.tests.test_smtp_email_features.TestSMTPTestConnection" name="test_smtp_test_with_invalid_server" time="270.579" /><testcase classname="backend.tests.test_smtp_email_features.TestSendCompetitorReport" name="test_send_report_requires_auth" time="0.073" /><testcase classname="backend.tests.test_smtp_email_features.TestSendCompetitorReport" name="test_send_report_fails_without_smtp" time="0.365" /><testcase classname="backend.tests.test_smtp_email_features.TestSendCompetitorReport" name="test_send_report_fails_invalid_competitor" time="0.089" /><testcase classname="backend.tests.test_smtp_email_features.TestSendCompetitorReport" name="test_send_report_endpoint_accepts_request" time="0.167"><failure message="assert 520 in [200, 400, 404]&#10; +  where 520 = &lt;Response [520]&gt;.status_code">backend/tests/test_smtp_email_features.py:277: in test_send_report_endpoint_accepts_request
    assert response.status_code in [200, 400, 404]
E   assert 520 in [200, 400, 404]
E    +  where 520 = &lt;Response [520]&gt;.status_code</failure></testcase><testcase classname="backend.tests.test_smtp_email_features.TestScoreEmailStatus" name="test_scores_have_email_sent_field" time="0.307" /><testcase classname="backend.tests.test_smtp_email_features.TestPendingEmails" name="test_pending_emails_requires_auth" time="0.036" /><testcase classname="backend.tests.test_smtp_email_features.TestPendingEmails" name="test_pending_emails_returns_structure" time="0.349" /><testcase classname="backend.tests.test_smtp_email_features.TestMarkEmailed" name="test_mark_emailed_requires_auth" time="0.038" /><testcase classname="backend.tests.test_smtp_email_features.TestMarkEmailed" name="test_mark_emailed_endpoint_exists" time="0.303" /></testsuite></testsuites>