<?xml version="1.0" encoding="utf-8"?><testsuites name="pytest tests"><testsuite name="pytest" errors="0" failures="0" skipped="1" tests="16" time="2.993" timestamp="2026-01-26T14:47:22.906711+00:00" hostname="agent-env-7a6746b2-5497-41c8-b068-b6528539f4e3"><testcase classname="backend.tests.test_new_features.TestDisqualifiedPenalty" name="test_score_model_has_penalty_disqualified_field" time="0.482" /><testcase classname="backend.tests.test_new_features.TestDisqualifiedPenalty" name="test_submit_score_with_disqualified_zeros_final_score" time="0.167" /><testcase classname="backend.tests.test_new_features.TestDisqualifiedPenalty" name="test_admin_edit_score_with_disqualified" time="0.157" /><testcase classname="backend.tests.test_new_features.TestEmailTracking" name="test_score_model_has_email_sent_field" time="0.414" /><testcase classname="backend.tests.test_new_features.TestEmailTracking" name="test_pending_emails_endpoint_exists" time="0.038" /><testcase classname="backend.tests.test_new_features.TestEmailTracking" name="test_pending_emails_requires_auth" time="0.038" /><testcase classname="backend.tests.test_new_features.TestEmailTracking" name="test_pending_emails_list_structure" time="0.041" /><testcase classname="backend.tests.test_new_features.TestEmailTracking" name="test_mark_emailed_endpoint" time="0.037"><skipped type="pytest.skip" message="No pending emails to test with">/app/backend/tests/test_new_features.py:252: No pending emails to test with</skipped></testcase><testcase classname="backend.tests.test_new_features.TestAdminEditScore" name="test_admin_edit_score_endpoint_exists" time="0.343" /><testcase classname="backend.tests.test_new_features.TestAdminEditScore" name="test_admin_edit_score_recalculates_totals" time="0.202" /><testcase classname="backend.tests.test_new_features.TestAdminEditScore" name="test_admin_edit_score_requires_auth" time="0.039" /><testcase classname="backend.tests.test_new_features.TestAdminEditScore" name="test_admin_edit_score_404_for_invalid_id" time="0.041" /><testcase classname="backend.tests.test_new_features.TestAdminEditScore" name="test_admin_edit_score_sets_edited_at" time="0.113" /><testcase classname="backend.tests.test_new_features.TestScoringErrorsDetection" name="test_scoring_errors_endpoint_exists" time="0.305" /><testcase classname="backend.tests.test_new_features.TestScoringErrorsDetection" name="test_scoring_errors_structure" time="0.040" /><testcase classname="backend.tests.test_new_features.TestScoreSubmissionWithAllFields" name="test_score_submission_accepts_all_fields" time="0.455" /></testsuite></testsuites>