<?xml version="1.0" encoding="utf-8"?><testsuites name="pytest tests"><testsuite name="pytest" errors="0" failures="0" skipped="0" tests="11" time="124.846" timestamp="2026-01-26T17:43:01.962138+00:00" hostname="agent-env-d9dbbe3b-3b0e-4450-b891-452bd58b6443"><testcase classname="backend.tests.test_bulk_email_all_rounds.TestBulkEmailAllRounds" name="test_pending_emails_shows_newly_completed_round" time="1.732" /><testcase classname="backend.tests.test_bulk_email_all_rounds.TestBulkEmailAllRounds" name="test_mark_round1_emailed_then_round2_appears" time="2.148" /><testcase classname="backend.tests.test_bulk_email_all_rounds.TestBulkEmailAllRounds" name="test_bulk_email_marks_only_specific_round" time="2.159" /><testcase classname="backend.tests.test_bulk_email_all_rounds.TestBulkEmailAllRounds" name="test_scores_email_sent_flag_per_round" time="3.273" /><testcase classname="backend.tests.test_bulk_email_all_rounds.TestGenerateEmailHtmlAllRounds" name="test_send_competitor_report_includes_all_rounds" time="4.793" /><testcase classname="backend.tests.test_bulk_email_all_rounds.TestGenerateEmailHtmlAllRounds" name="test_pending_emails_structure_includes_round_info" time="1.732" /><testcase classname="backend.tests.test_bulk_email_all_rounds.TestBulkEmailPayloadStructure" name="test_bulk_email_accepts_round_id_in_payload" time="0.523" /><testcase classname="backend.tests.test_bulk_email_all_rounds.TestBulkEmailPayloadStructure" name="test_bulk_email_payload_without_round_id" time="0.415" /><testcase classname="backend.tests.test_bulk_email_all_rounds.TestCompletedRoundsHelper" name="test_round_not_complete_until_all_judges_score" time="37.740" /><testcase classname="backend.tests.test_bulk_email_all_rounds.TestCompletedRoundsHelper" name="test_round_complete_when_all_judges_score" time="66.486" /><testcase classname="backend.tests.test_bulk_email_all_rounds.TestCompletedRoundsHelper" name="test_multiple_completed_rounds_all_appear" time="3.760" /></testsuite></testsuites>