<?xml version="1.0" encoding="utf-8"?><testsuites name="pytest tests"><testsuite name="pytest" errors="0" failures="0" skipped="0" tests="9" time="3.663" timestamp="2026-01-27T08:31:34.831679+00:00" hostname="agent-env-d9dbbe3b-3b0e-4450-b891-452bd58b6443"><testcase classname="backend.tests.test_score_deviation.TestScoreDeviationFeature" name="test_get_score_deviation_settings_returns_threshold" time="0.390" /><testcase classname="backend.tests.test_score_deviation.TestScoreDeviationFeature" name="test_update_score_deviation_threshold" time="0.370" /><testcase classname="backend.tests.test_score_deviation.TestScoreDeviationFeature" name="test_update_threshold_rejects_negative" time="0.342" /><testcase classname="backend.tests.test_score_deviation.TestScoreDeviationFeature" name="test_scoring_errors_returns_deviation_errors" time="0.332" /><testcase classname="backend.tests.test_score_deviation.TestScoreDeviationFeature" name="test_acknowledge_deviation_removes_from_errors" time="0.485" /><testcase classname="backend.tests.test_score_deviation.TestScoreDeviationFeature" name="test_unacknowledge_deviation_restores_to_errors" time="0.445" /><testcase classname="backend.tests.test_score_deviation.TestScoreDeviationFeature" name="test_threshold_change_affects_flagged_scores" time="0.513" /><testcase classname="backend.tests.test_score_deviation.TestScoreDeviationFeature" name="test_acknowledge_nonexistent_score_returns_404" time="0.337" /><testcase classname="backend.tests.test_score_deviation.TestScoreDeviationFeature" name="test_scoring_errors_structure" time="0.335" /></testsuite></testsuites>