<?xml version="1.0" encoding="utf-8"?><testsuites name="pytest tests"><testsuite name="pytest" errors="0" failures="1" skipped="0" tests="10" time="5.607" timestamp="2026-01-26T17:17:24.128604+00:00" hostname="agent-env-d9dbbe3b-3b0e-4450-b891-452bd58b6443"><testcase classname="backend.tests.test_bulk_email_round_id.TestBulkEmailRoundIdFunctionality" name="test_pending_emails_returns_round_id" time="0.405" /><testcase classname="backend.tests.test_bulk_email_round_id.TestBulkEmailRoundIdFunctionality" name="test_pending_emails_structure" time="0.400" /><testcase classname="backend.tests.test_bulk_email_round_id.TestBulkEmailRoundIdFunctionality" name="test_bulk_email_endpoint_accepts_round_id" time="0.519" /><testcase classname="backend.tests.test_bulk_email_round_id.TestBulkEmailRoundIdFunctionality" name="test_bulk_email_payload_structure" time="0.763" /><testcase classname="backend.tests.test_bulk_email_round_id.TestBulkEmailRoundIdFunctionality" name="test_mark_emailed_endpoint_with_round_id" time="0.589" /><testcase classname="backend.tests.test_bulk_email_round_id.TestBulkEmailRoundIdFunctionality" name="test_pending_emails_only_includes_complete_scoring" time="0.414" /><testcase classname="backend.tests.test_bulk_email_round_id.TestBulkEmailRoundIdFunctionality" name="test_full_bulk_email_flow_with_round_id" time="1.384" /><testcase classname="backend.tests.test_bulk_email_round_id.TestBulkEmailRoundIdFunctionality" name="test_scores_email_sent_field_exists" time="0.368"><failure message="AssertionError: Score ec30576e-b84a-4575-9667-e8a6e2a6a2fb missing email_sent field&#10;assert 'email_sent' in {'car_number': '99', 'competitor_id': 'b7bf2916-e38d-4b6d-9725-9fdc41fcde49', 'competitor_name': 'Test Driver 010025', 'constant_smoke': 15, ...}">backend/tests/test_bulk_email_round_id.py:415: in test_scores_email_sent_field_exists
    assert "email_sent" in score, f"Score {score.get('id')} missing email_sent field"
E   AssertionError: Score ec30576e-b84a-4575-9667-e8a6e2a6a2fb missing email_sent field
E   assert 'email_sent' in {'car_number': '99', 'competitor_id': 'b7bf2916-e38d-4b6d-9725-9fdc41fcde49', 'competitor_name': 'Test Driver 010025', 'constant_smoke': 15, ...}</failure></testcase><testcase classname="backend.tests.test_bulk_email_round_id.TestPendingEmailsLogic" name="test_pending_emails_requires_all_active_judges" time="0.333" /><testcase classname="backend.tests.test_bulk_email_round_id.TestPendingEmailsLogic" name="test_pending_emails_excludes_already_emailed" time="0.287" /></testsuite></testsuites>