<?xml version="1.0" encoding="utf-8"?><testsuites name="pytest tests"><testsuite name="pytest" errors="0" failures="0" skipped="0" tests="10" time="3.253" timestamp="2026-01-26T13:50:13.784851+00:00" hostname="agent-env-7a6746b2-5497-41c8-b068-b6528539f4e3"><testcase classname="backend.tests.test_judge_toggle_scoring_errors.TestJudgeToggleEndpoint" name="test_get_judges_returns_is_active_field" time="0.304" /><testcase classname="backend.tests.test_judge_toggle_scoring_errors.TestJudgeToggleEndpoint" name="test_toggle_judge_active_deactivate" time="0.395" /><testcase classname="backend.tests.test_judge_toggle_scoring_errors.TestJudgeToggleEndpoint" name="test_toggle_judge_active_reactivate" time="0.338" /><testcase classname="backend.tests.test_judge_toggle_scoring_errors.TestJudgeToggleEndpoint" name="test_toggle_nonexistent_judge_returns_404" time="0.276" /><testcase classname="backend.tests.test_judge_toggle_scoring_errors.TestJudgeToggleEndpoint" name="test_toggle_requires_admin_auth" time="0.308" /><testcase classname="backend.tests.test_judge_toggle_scoring_errors.TestScoringErrorsEndpoint" name="test_get_scoring_errors_returns_list" time="0.314" /><testcase classname="backend.tests.test_judge_toggle_scoring_errors.TestScoringErrorsEndpoint" name="test_scoring_errors_structure" time="0.293" /><testcase classname="backend.tests.test_judge_toggle_scoring_errors.TestScoringErrorsEndpoint" name="test_scoring_errors_requires_admin_auth" time="0.293" /><testcase classname="backend.tests.test_judge_toggle_scoring_errors.TestScoringErrorsEndpoint" name="test_scoring_errors_detects_missing_scores" time="0.304" /><testcase classname="backend.tests.test_judge_toggle_scoring_errors.TestActiveJudgeCount" name="test_active_judge_count_changes_with_toggle" time="0.379" /></testsuite></testsuites>